<?xml version="1.0" encoding="UTF-8"?>
<!-- Generated by org.testng.reporters.JUnitReportReporter -->
<testsuite hostname="Parthiban" failures="0" tests="4" name="api.test.UserTests" time="3.371" errors="0" timestamp="2023-02-27T16:01:02 IST" skipped="0">
  <testcase classname="api.test.UserTests" name="testCreateUser" time="2.127"/>
  <system-out/>
  <testcase classname="api.test.UserTests" name="testGetUser" time="0.409"/>
  <system-out/>
  <testcase classname="api.test.UserTests" name="testUpdateUser" time="0.336"/>
  <system-out/>
  <testcase classname="api.test.UserTests" name="testDeleteUser" time="0.499"/>
  <system-out/>
</testsuite> <!-- api.test.UserTests -->
