<?xml version="1.0" encoding="UTF-8"?>
<!-- Generated by org.testng.reporters.JUnitReportReporter -->
<testsuite hostname="Parthiban" failures="0" tests="3" name="api.test.DataDrivenTest" time="2.953" errors="0" timestamp="2023-02-27T15:55:10 IST" skipped="0">
  <testcase classname="api.test.DataDrivenTest" name="testCreateUserThroughDataDriven" time="0.429"/>
  <system-out/>
  <testcase classname="api.test.DataDrivenTest" name="testCreateUserThroughDataDriven" time="2.103"/>
  <system-out/>
  <testcase classname="api.test.DataDrivenTest" name="testCreateUserThroughDataDriven" time="0.421"/>
  <system-out/>
</testsuite> <!-- api.test.DataDrivenTest -->
