<?xml version="1.0" encoding="UTF-8"?>
<!-- Generated by org.testng.reporters.JUnitReportReporter -->
<testsuite hostname="Parthiban" failures="0" tests="4" name="api.test.UserTests2" time="3.518" errors="0" timestamp="2023-02-27T18:05:12 IST" skipped="0">
  <testcase classname="api.test.UserTests2" name="testCreateUser" time="2.383"/>
  <system-out/>
  <testcase classname="api.test.UserTests2" name="testGetUser" time="0.375"/>
  <system-out/>
  <testcase classname="api.test.UserTests2" name="testUpdateUser" time="0.368"/>
  <system-out/>
  <testcase classname="api.test.UserTests2" name="testDeleteUser" time="0.392"/>
  <system-out/>
</testsuite> <!-- api.test.UserTests2 -->
