<?xml version="1.0" encoding="UTF-8"?>
<!-- Generated by org.testng.reporters.JUnitReportReporter -->
<testsuite hostname="Parthiban" failures="0" tests="5" name="api.test.UserTests3" time="4.156" errors="0" timestamp="2023-02-28T17:47:55 IST" skipped="0">
  <testcase classname="api.test.UserTests3" name="testCreateUser" time="2.848"/>
  <system-out/>
  <testcase classname="api.test.UserTests3" name="testGetUser" time="0.347"/>
  <system-out/>
  <testcase classname="api.test.UserTests3" name="testPostCommentsByUser" time="0.328"/>
  <system-out/>
  <testcase classname="api.test.UserTests3" name="testGetPostedCommentsByUser" time="0.338"/>
  <system-out/>
  <testcase classname="api.test.UserTests3" name="testGetAllUser" time="0.295"/>
  <system-out/>
</testsuite> <!-- api.test.UserTests3 -->
