<?xml version="1.0" encoding="UTF-8"?>
<!-- Generated by org.testng.reporters.JUnitReportReporter -->
<testsuite hostname="Parthiban" failures="0" tests="5" name="api.test.UserTests3" time="5.285" errors="0" timestamp="2023-02-28T17:48:34 IST" skipped="0">
  <testcase classname="api.test.UserTests3" name="testCreateUser" time="3.826"/>
  <system-out/>
  <testcase classname="api.test.UserTests3" name="testGetUser" time="0.420"/>
  <system-out/>
  <testcase classname="api.test.UserTests3" name="testPostCommentsByUser" time="0.360"/>
  <system-out/>
  <testcase classname="api.test.UserTests3" name="testGetPostedCommentsByUser" time="0.319"/>
  <system-out/>
  <testcase classname="api.test.UserTests3" name="testGetAllUser" time="0.360"/>
  <system-out/>
</testsuite> <!-- api.test.UserTests3 -->
