<?xml version="1.0" encoding="UTF-8"?>
<!-- Generated by org.testng.reporters.JUnitReportReporter -->
<testsuite hostname="Parthiban" failures="0" tests="3" name="api.test.DataDrivenTest" time="3.435" errors="0" timestamp="2023-02-27T15:58:28 IST" skipped="0">
  <testcase classname="api.test.DataDrivenTest" name="testCreateUserThroughDataDriven" time="0.446"/>
  <system-out/>
  <testcase classname="api.test.DataDrivenTest" name="testCreateUserThroughDataDriven" time="0.471"/>
  <system-out/>
  <testcase classname="api.test.DataDrivenTest" name="testCreateUserThroughDataDriven" time="2.518"/>
  <system-out/>
</testsuite> <!-- api.test.DataDrivenTest -->
