<?xml version="1.0" encoding="UTF-8"?>
<!-- Generated by org.testng.reporters.JUnitReportReporter -->
<testsuite hostname="Parthiban" failures="0" tests="4" name="api.test.UserTests2" time="3.527" errors="0" timestamp="2023-02-27T18:14:21 IST" skipped="0">
  <testcase classname="api.test.UserTests2" name="testCreateUser" time="2.178"/>
  <system-out/>
  <testcase classname="api.test.UserTests2" name="testGetUser" time="0.406"/>
  <system-out/>
  <testcase classname="api.test.UserTests2" name="testUpdateUser" time="0.476"/>
  <system-out/>
  <testcase classname="api.test.UserTests2" name="testDeleteUser" time="0.467"/>
  <system-out/>
</testsuite> <!-- api.test.UserTests2 -->
